<?xml version="1.0" encoding="UTF-8"?>
<!-- Generated by org.testng.reporters.JUnitReportReporter -->
<testsuite hostname="COGNINE-L67" failures="0" tests="1" name="api.tests.NewTest" time="0.011" errors="0" timestamp="2024-08-10T10:35:02 IST" skipped="0">
  <testcase classname="api.tests.NewTest" name="testAuthentication" time="0.011"/>
</testsuite> <!-- api.tests.NewTest -->
