<?xml version="1.0" encoding="UTF-8"?>
<!-- Generated by org.testng.reporters.JUnitReportReporter -->
<testsuite hostname="COGNINE-L67" failures="0" tests="1" name="api.tests.CreateTokenTest" time="4.201" errors="0" timestamp="2024-08-10T10:41:20 IST" skipped="0">
  <testcase classname="api.tests.CreateTokenTest" name="testAuthentication" time="4.201"/>
</testsuite> <!-- api.tests.CreateTokenTest -->
